<?xml version="1.0" encoding="UTF-8"?>
<testsuite xmlns:xsi="http://www.w3.org/2001/XMLSchema-instance" xsi:noNamespaceSchemaLocation="https://maven.apache.org/surefire/maven-surefire-plugin/xsd/surefire-test-report-3.0.xsd" version="3.0" name="TriangleTest" time="0.181" tests="12" errors="0" skipped="0" failures="0">
  <properties>
[...]
</properties>
  <testcase name="testInvalidNeg1" classname="TriangleTest" time="0.032">
    <system-out><![CDATA[10:11:36,426 |-INFO in ch.qos.logback.classic.LoggerContext[default] - Could NOT find resource [logback-test.xml]
10:11:36,427 |-INFO in ch.qos.logback.classic.LoggerContext[default] - Could NOT find resource [logback.groovy]
10:11:36,427 |-INFO in ch.qos.logback.classic.LoggerContext[default] - Found resource [logback.xml] at [file:/C:/Users/e.gavrilov/IdeaProjects/HW3/target/test-classes/logback.xml]
10:11:36,477 |-INFO in ch.qos.logback.classic.joran.action.ConfigurationAction - debug attribute not set
10:11:36,478 |-INFO in ch.qos.logback.core.joran.action.AppenderAction - About to instantiate appender of type [ch.qos.logback.core.ConsoleAppender]
10:11:36,485 |-INFO in ch.qos.logback.core.joran.action.AppenderAction - Naming appender as [CONSOLE]
10:11:36,514 |-WARN in ch.qos.logback.core.ConsoleAppender[CONSOLE] - This appender no longer admits a layout as a sub-component, set an encoder instead.
10:11:36,514 |-WARN in ch.qos.logback.core.ConsoleAppender[CONSOLE] - To ensure compatibility, wrapping your layout in LayoutWrappingEncoder.
10:11:36,514 |-WARN in ch.qos.logback.core.ConsoleAppender[CONSOLE] - See also http://logback.qos.ch/codes.html#layoutInsteadOfEncoder for details
10:11:36,514 |-INFO in ch.qos.logback.classic.joran.action.RootLoggerAction - Setting level of ROOT logger to TRACE
10:11:36,514 |-INFO in ch.qos.logback.core.joran.action.AppenderRefAction - Attaching appender named [CONSOLE] to Logger[ROOT]
10:11:36,515 |-INFO in ch.qos.logback.classic.joran.action.ConfigurationAction - End of configuration.
10:11:36,515 |-INFO in ch.qos.logback.classic.joran.JoranConfigurator@4ef37659 - Registering current configuration as safe fallback point

]]></system-out>
  </testcase>
  <testcase name="testInvalidNeg2" classname="TriangleTest" time="0.001"/>
  <testcase name="testInvalidNeg3" classname="TriangleTest" time="0.001"/>
  <testcase name="testEquiliteral" classname="TriangleTest" time="0.001"/>
  <testcase name="test1" classname="TriangleTest" time="0.006"/>
  <testcase name="testIsoceles1" classname="TriangleTest" time="0.001"/>
  <testcase name="testIsoceles2" classname="TriangleTest" time="0.001"/>
  <testcase name="testIsoceles3" classname="TriangleTest" time="0"/>
  <testcase name="testInvalid1" classname="TriangleTest" time="0"/>
  <testcase name="testInvalid2" classname="TriangleTest" time="0.001"/>
  <testcase name="testInvalid3" classname="TriangleTest" time="0"/>
  <testcase name="testInvalid" classname="TriangleTest" time="0.001"/>
</testsuite>